Traceback (most recent call last):
  File "D:\software\python\Programming_file\Qt\git_blog\git_whitelist_start.py", line 45, in add_list_fuc
    self.w_ui.whitelist.addItem(f'{new_path}')
  File "D:\software\python\Programming_file\Qt\git_blog\git_whitelist_start.py", line 45, in add_list_fuc
    self.w_ui.whitelist.addItem(f'{new_path}')
  File "_pydevd_bundle\pydevd_cython_win32_38_64.pyx", line 1589, in _pydevd_bundle.pydevd_cython_win32_38_64.ThreadTracer.__call__
  File "_pydevd_bundle\pydevd_cython_win32_38_64.pyx", line 929, in _pydevd_bundle.pydevd_cython_win32_38_64.PyDBFrame.trace_dispatch
  File "_pydevd_bundle\pydevd_cython_win32_38_64.pyx", line 920, in _pydevd_bundle.pydevd_cython_win32_38_64.PyDBFrame.trace_dispatch
  File "_pydevd_bundle\pydevd_cython_win32_38_64.pyx", line 317, in _pydevd_bundle.pydevd_cython_win32_38_64.PyDBFrame.do_wait_suspend
  File "D:/software/pycharm/plugins/python-ce/helpers/pydev/pydevd.py", line 1160, in do_wait_suspend
    self._do_wait_suspend(thread, frame, event, arg, suspend_type, from_this_thread)
  File "D:/software/pycharm/plugins/python-ce/helpers/pydev/pydevd.py", line 1175, in _do_wait_suspend
    time.sleep(0.01)
KeyboardInterrupt
Traceback (most recent call last):
  File "D:\software\python\Programming_file\Qt\git_blog\git_whitelist_start.py", line 45, in add_list_fuc
    self.w_ui.whitelist.addItem(f'{new_path}')
  File "D:\software\python\Programming_file\Qt\git_blog\git_whitelist_start.py", line 45, in add_list_fuc
    self.w_ui.whitelist.addItem(f'{new_path}')
  File "_pydevd_bundle\pydevd_cython_win32_38_64.pyx", line 1589, in _pydevd_bundle.pydevd_cython_win32_38_64.ThreadTracer.__call__
  File "_pydevd_bundle\pydevd_cython_win32_38_64.pyx", line 929, in _pydevd_bundle.pydevd_cython_win32_38_64.PyDBFrame.trace_dispatch
  File "_pydevd_bundle\pydevd_cython_win32_38_64.pyx", line 920, in _pydevd_bundle.pydevd_cython_win32_38_64.PyDBFrame.trace_dispatch
  File "_pydevd_bundle\pydevd_cython_win32_38_64.pyx", line 317, in _pydevd_bundle.pydevd_cython_win32_38_64.PyDBFrame.do_wait_suspend
  File "D:/software/pycharm/plugins/python-ce/helpers/pydev/pydevd.py", line 1160, in do_wait_suspend
    self._do_wait_suspend(thread, frame, event, arg, suspend_type, from_this_thread)
  File "D:/software/pycharm/plugins/python-ce/helpers/pydev/pydevd.py", line 1175, in _do_wait_suspend
    time.sleep(0.01)
KeyboardInterrupt
